2021-03-18 10:55:27 - Numéro renseigné : 0688172020 - Token : lIlmYaFIPr1Fs6RO3UB2sa1lJC0qnhkU
2021-03-18 10:55:27 - Numéro renseigné : 0688172020 est un numéro mobile.
2021-03-18 10:55:27 - Numéro renseigné : 0688172020 | Post dans l'API : 
2021-03-18 10:55:27 - Numéro renseigné : 0688172020 | Difference de date en seconde : 0
2021-03-18 11:08:43 - Numéro renseigné : 0688172020 - Token : lIlmYaFIPr1Fs6RO3UB2sa1lJC0qnhkU
2021-03-18 11:08:44 - Numéro renseigné : 0688172020 | Post dans l'API : 
2021-03-18 11:08:44 - Numéro renseigné : 0688172020 | Difference de date en seconde : 0
2021-03-18 11:08:44 - Execution de la fonction 'sendSms'
2021-03-18 11:08:44 - Numéro : 0033688172020 | Message envoyé avec succès - Identifiant unique : 254805747
2021-03-18 11:12:45 - Numéro renseigné : 0688172020 - Token : lIlmYaFIPr1Fs6RO3UB2sa1lJC0qnhkU
2021-03-18 11:12:45 - Numéro renseigné : 0688172020 | Post dans l'API : 1
2021-03-18 11:12:45 - Numéro renseigné : 0688172020 | Difference de date en seconde : 0
2021-03-18 11:12:45 - Execution de la fonction 'sendSms'
2021-03-18 11:12:46 - Numéro : 0033688172020 | Message envoyé avec succès - Identifiant unique : 254806922
2021-03-18 11:15:38 - Numéro renseigné : 0688172020 - Token : lIlmYaFIPr1Fs6RO3UB2sa1lJC0qnhkU
2021-03-18 11:15:38 - Numéro renseigné : 0688172020 | Post dans l'API : OK
2021-03-18 11:15:38 - Numéro renseigné : 0688172020 | Difference de date en seconde : 0
2021-03-18 11:15:38 - Execution de la fonction 'sendSms'
2021-03-18 11:15:39 - Numéro : 0033688172020 | Message envoyé avec succès - Identifiant unique : 254807778
2021-03-18 11:17:57 - Numéro renseigné : 0688172020 - Token : lIlmYaFIPr1Fs6RO3UB2sa1lJC0qnhkU
2021-03-18 11:17:57 - Numéro renseigné : 0688172020 | Post dans l'API : OK
2021-03-18 11:17:57 - LAST DATE : 1616062677
2021-03-18 11:17:57 - NOW : 1616062677
2021-03-18 11:17:57 - Numéro renseigné : 0688172020 | Difference de date d'envoi en seconde : 0
2021-03-18 11:17:57 - Execution de la fonction 'sendSms'
2021-03-18 11:17:57 - Numéro : 0033688172020 | Message envoyé avec succès - Identifiant unique : 254808391
2021-03-18 11:21:29 - Numéro renseigné : 0688172020 - Token : lIlmYaFIPr1Fs6RO3UB2sa1lJC0qnhkU
2021-03-18 11:21:29 - LAST DATE : 1616062677
2021-03-18 11:21:29 - NOW : 1616062889
2021-03-18 11:21:29 - Numéro renseigné : 0688172020 | Difference de date d'envoi en seconde : 212
2021-03-18 11:21:29 - Numéro renseigné : 0688172020 | Post dans l'API : OK
2021-03-18 11:21:29 - Execution de la fonction 'sendSms'
2021-03-18 11:21:30 - Numéro : 0033688172020 | Message envoyé avec succès - Identifiant unique : 254809367
2021-03-18 11:22:31 - Numéro renseigné : 0688172020 - Token : lIlmYaFIPr1Fs6RO3UB2sa1lJC0qnhkU
2021-03-18 11:22:31 - LAST DATE : 1616062889
2021-03-18 11:22:31 - NOW : 1616062951
2021-03-18 11:22:31 - Numéro renseigné : 0688172020 | Difference de date d'envoi en seconde : 62
2021-03-18 11:22:31 - Numéro renseigné : 0688172020 | Post dans l'API : OK
2021-03-18 11:22:31 - Execution de la fonction 'sendSms'
2021-03-18 11:22:32 - Numéro : 0033688172020 | Message envoyé avec succès - Identifiant unique : 254809747
2021-03-18 11:23:28 - Numéro renseigné : 0688172020 - Token : lIlmYaFIPr1Fs6RO3UB2sa1lJC0qnhkU
2021-03-18 11:23:28 - LAST DATE : 1616062951
2021-03-18 11:23:28 - NOW : 1616063008
2021-03-18 11:23:28 - Numéro renseigné : 0688172020 | Difference de date d'envoi en seconde : 57
2021-03-18 11:23:28 - Numéro renseigné : 0688172020 | Post dans l'API : OK
2021-03-18 11:25:55 - Numéro renseigné : 0688172020 - Token : lIlmYaFIPr1Fs6RO3UB2sa1lJC0qnhkU
2021-03-18 11:25:55 - Numéro renseigné : 0688172020 | Difference de date d'envoi en seconde : 147
2021-03-18 11:25:55 - Numéro renseigné : 0688172020 | Post dans l'API : OK
2021-03-18 11:28:36 - Numéro renseigné : 0766007096 - Token : lIlmYaFIPr1Fs6RO3UB2sa1lJC0qnhkU
2021-03-18 11:28:36 - Numéro renseigné : 0766007096 | Difference de date d'envoi en seconde : 1616063316
2021-03-18 11:28:36 - Numéro renseigné : 0766007096 | Post dans l'API : OK
2021-03-18 11:28:36 - Execution de la fonction 'sendSms'
2021-03-18 11:28:37 - Numéro : 0033766007096 | Connexion à l'API SMS OK
2021-03-18 11:28:37 - Numéro : 0033766007096 | Message envoyé avec succès - Identifiant unique : 254811480
2021-03-18 11:29:32 - Numéro renseigné : 0766007096 - Token : lIlmYaFIPr1Fs6RO3UB2sa1lJC0qnhkU
2021-03-18 11:29:32 - Numéro renseigné : 0766007096 | Difference de date d'envoi en seconde : 56
2021-03-18 11:29:32 - Numéro renseigné : 0766007096 | Post dans l'API : OK
